<?xml version="1.0" encoding="UTF-8"?>
<!-- Generated by org.testng.reporters.JUnitXMLReporter -->
<testsuite ignored="3" hostname="LAPTOP-RACHI7S2" failures="0" tests="10" name="FreeCRM Testcases" time="220.697" errors="0" timestamp="2021-10-31T23:34:02 IST">
  <testcase classname="com.crm.qa.testcases.LoginPageTest" name="enterCredentials" time="24.051"/>
  <testcase classname="com.crm.qa.testcases.LoginPageTest" name="clickLoginButton" time="12.556"/>
  <testcase classname="com.crm.qa.testcases.HomePageTest" name="verifyHomePagetitle" time="0.015"/>
  <testcase classname="com.crm.qa.testcases.HomePageTest" name="verifyUserLabel" time="2.234"/>
  <testcase classname="com.crm.qa.testcases.HomePageTest" name="verifyContactsLink" time="1.859"/>
  <testcase classname="com.crm.qa.testcases.HomePageTest" name="verifyDealsLink" time="2.625"/>
  <testcase classname="com.crm.qa.testcases.ContactsPageTest" name="createNewContact" time="5.129"/>
  <testcase classname="com.crm.qa.testcases.ContactsPageTest" name="createNewContact" time="3.18"/>
  <testcase classname="com.crm.qa.testcases.ContactsPageTest" name="createNewContact" time="3.276"/>
  <testcase classname="com.crm.qa.testcases.ContactsPageTest" name="createNewContact" time="3.243"/>
  <testcase classname="com.crm.qa.testcases.LoginPageTest" name="loginPageTitleTest" time="0.0">
    <ignored/>
  </testcase> <!-- loginPageTitleTest -->
  <testcase classname="com.crm.qa.testcases.ContactsPageTest" name="clickContact" time="0.0">
    <ignored/>
  </testcase> <!-- clickContact -->
  <testcase classname="com.crm.qa.testcases.ContactsPageTest" name="verifyContactsLabelTest" time="0.0">
    <ignored/>
  </testcase> <!-- verifyContactsLabelTest -->
</testsuite> <!-- FreeCRM Testcases -->
